#
# A fatal error has been detected by the Java Runtime Environment:
#
#  SIGSEGV (0xb) at pc=0x012b9c42, pid=31880, tid=3074124656
#
# JRE version: 6.0_18-b18
# Java VM: OpenJDK Client VM (14.0-b16 mixed mode, sharing linux-x86 )
# Derivative: IcedTea6 1.8
# Distribution: Ubuntu lucid (development branch), package 6b18-1.8-0ubuntu1
# Problematic frame:
# V  [libjvm.so+0x2ffc42]
#
# If you would like to submit a bug report, please include
# instructions how to reproduce the bug and visit:
#   https://bugs.launchpad.net/ubuntu/+source/openjdk-6/
#

---------------  T H R E A D  ---------------

Current thread (0x09316400):  JavaThread "CompilerThread0" daemon [_thread_in_vm, id=31893, stack(0xb7336000,0xb73b7000)]

siginfo:si_signo=SIGSEGV: si_errno=0, si_code=1 (SEGV_MAPERR), si_addr=0x00000010

Registers:
EAX=0x00000000, EBX=0x013c8ff4, ECX=0x013c8ff4, EDX=0x00000c00
ESP=0xb73b5890, EBP=0xb73b5898, ESI=0x00000c00, EDI=0xb73b5970
EIP=0x012b9c42, CR2=0x00000010, EFLAGS=0x00010286

Top of Stack: (sp=0xb73b5890)
0xb73b5890:   013c8ff4 b73b592c b73b58b8 012b9d7f
0xb73b58a0:   00000c00 b73b5974 b73b58c8 012b9d4a
0xb73b58b0:   013c8ff4 b73b592c b73b58d8 012b9f4b
0xb73b58c0:   b73b592c 013ec7a0 b73b5c70 012b9daa
0xb73b58d0:   013c8ff4 b73b5900 b73b5958 010cba65
0xb73b58e0:   b73b5900 b73b5c70 b73b5970 00000000
0xb73b58f0:   b73b5900 00000000 b73b5c74 b73b5974
0xb73b5900:   00000000 09316a04 09316a08 00000000 

Instructions: (pc=0x012b9c42)
0x012b9c32:   39 c6 7d 1a 83 ec 0c 56 e8 e1 6e 02 00 83 c4 10
0x012b9c42:   8b 40 10 8d 65 f8 5b 5e 5d c3 8d 74 26 00 8d 65 

Stack: [0xb7336000,0xb73b7000],  sp=0xb73b5890,  free space=510k
Native frames: (J=compiled Java code, j=interpreted, Vv=VM code, C=native code)
V  [libjvm.so+0x2ffc42]
V  [libjvm.so+0x2ffd7f]
V  [libjvm.so+0x2fff4b]
V  [libjvm.so+0x111a65]
V  [libjvm.so+0x1123c1]
V  [libjvm.so+0x10f42f]
V  [libjvm.so+0x10f60b]
V  [libjvm.so+0x1100c1]
V  [libjvm.so+0xcc8f1]
V  [libjvm.so+0xcc992]
V  [libjvm.so+0x375b7]
V  [libjvm.so+0x75930]
V  [libjvm.so+0x758e7]
V  [libjvm.so+0x122482]
V  [libjvm.so+0x122bb7]
V  [libjvm.so+0x3651c8]
V  [libjvm.so+0x36a12c]
V  [libjvm.so+0x36a1ea]
V  [libjvm.so+0x2c92e1]
C  [libpthread.so.0+0x596e]


Current CompileTask:
C1:  1      java.lang.String.hashCode()I (60 bytes)


---------------  P R O C E S S  ---------------

Java Threads: ( => current thread )
  0x09318400 JavaThread "Low Memory Detector" daemon [_thread_blocked, id=31894, stack(0xb72e5000,0xb7336000)]
=>0x09316400 JavaThread "CompilerThread0" daemon [_thread_in_vm, id=31893, stack(0xb7336000,0xb73b7000)]
  0x09314c00 JavaThread "Signal Dispatcher" daemon [_thread_blocked, id=31892, stack(0xb73b7000,0xb7408000)]
  0x0930c400 JavaThread "Finalizer" daemon [_thread_blocked, id=31891, stack(0xb7490000,0xb74e1000)]
  0x0930ac00 JavaThread "Reference Handler" daemon [_thread_blocked, id=31890, stack(0xb74e1000,0xb7532000)]
  0x092dc400 JavaThread "main" [_thread_in_vm, id=31888, stack(0xb7778000,0xb77c9000)]

Other Threads:
  0x09309000 VMThread [stack: 0xb7532000,0xb75b3000] [id=31889]
  0x0931b800 WatcherThread [stack: 0xb7264000,0xb72e5000] [id=31895]

VM state:not at safepoint (normal execution)

VM Mutex/Monitor currently owned by a thread:  ([mutex/lock_event])
[0x092d96e8] CodeCache_lock - owner thread: 0x09316400
[0x092da4b8] AdapterHandlerLibrary_lock - owner thread: 0x092dc400

Heap
 def new generation   total 960K, used 182K [0x75c80000, 0x75d80000, 0x783e0000)
  eden space 896K,  20% used [0x75c80000, 0x75cad8c0, 0x75d60000)
  from space 64K,   0% used [0x75d60000, 0x75d60000, 0x75d70000)
  to   space 64K,   0% used [0x75d70000, 0x75d70000, 0x75d80000)
 tenured generation   total 4096K, used 0K [0x783e0000, 0x787e0000, 0x95c80000)
   the space 4096K,   0% used [0x783e0000, 0x783e0000, 0x783e0200, 0x787e0000)
 compacting perm gen  total 12288K, used 17K [0x95c80000, 0x96880000, 0x99c80000)
   the space 12288K,   0% used [0x95c80000, 0x95c84510, 0x95c84600, 0x96880000)
    ro space 8192K,  89% used [0x99c80000, 0x9a3b0720, 0x9a3b0800, 0x9a480000)
    rw space 12288K,  59% used [0x9a480000, 0x9abaedd8, 0x9abaee00, 0x9b080000)

Dynamic libraries:
00110000-00134000 r-xp 00000000 08:01 222148     /lib/tls/i686/cmov/libm-2.11.1.so
00134000-00135000 r--p 00023000 08:01 222148     /lib/tls/i686/cmov/libm-2.11.1.so
00135000-00136000 rw-p 00024000 08:01 222148     /lib/tls/i686/cmov/libm-2.11.1.so
00136000-0013d000 r-xp 00000000 08:01 9405       /usr/lib/jvm/java-6-openjdk/jre/lib/i386/libzip.so
0013d000-0013e000 r--p 00006000 08:01 9405       /usr/lib/jvm/java-6-openjdk/jre/lib/i386/libzip.so
0013e000-0013f000 rw-p 00007000 08:01 9405       /usr/lib/jvm/java-6-openjdk/jre/lib/i386/libzip.so
0013f000-00144000 rwxp 00000000 00:00 0 
00193000-00195000 r-xp 00000000 08:01 222147     /lib/tls/i686/cmov/libdl-2.11.1.so
00195000-00196000 r--p 00001000 08:01 222147     /lib/tls/i686/cmov/libdl-2.11.1.so
00196000-00197000 rw-p 00002000 08:01 222147     /lib/tls/i686/cmov/libdl-2.11.1.so
00203000-0020f000 r-xp 00000000 08:01 9404       /usr/lib/jvm/java-6-openjdk/jre/lib/i386/libverify.so
0020f000-00210000 r--p 0000b000 08:01 9404       /usr/lib/jvm/java-6-openjdk/jre/lib/i386/libverify.so
00210000-00211000 rw-p 0000c000 08:01 9404       /usr/lib/jvm/java-6-openjdk/jre/lib/i386/libverify.so
0024c000-00252000 r-xp 00000000 08:01 222157     /lib/tls/i686/cmov/libnss_compat-2.11.1.so
00252000-00253000 r--p 00006000 08:01 222157     /lib/tls/i686/cmov/libnss_compat-2.11.1.so
00253000-00254000 rw-p 00007000 08:01 222157     /lib/tls/i686/cmov/libnss_compat-2.11.1.so
00255000-003a8000 r-xp 00000000 08:01 144127     /lib/tls/i686/cmov/libc-2.11.1.so
003a8000-003a9000 ---p 00153000 08:01 144127     /lib/tls/i686/cmov/libc-2.11.1.so
003a9000-003ab000 r--p 00153000 08:01 144127     /lib/tls/i686/cmov/libc-2.11.1.so
003ab000-003ac000 rw-p 00155000 08:01 144127     /lib/tls/i686/cmov/libc-2.11.1.so
003ac000-003af000 rw-p 00000000 00:00 0 
003af000-003b0000 rwxp 00000000 00:00 0 
003b0000-003c2000 rwxp 00000000 00:00 0 
003c2000-003c5000 rwxp 00000000 00:00 0 
003c5000-004af000 rwxp 00000000 00:00 0 
004af000-004b5000 rwxp 00000000 00:00 0 
004b5000-004cf000 rwxp 00000000 00:00 0 
004cf000-004da000 rwxp 00000000 00:00 0 
00523000-0052b000 r-xp 00000000 08:01 222161     /lib/tls/i686/cmov/libnss_nis-2.11.1.so
0052b000-0052c000 r--p 00007000 08:01 222161     /lib/tls/i686/cmov/libnss_nis-2.11.1.so
0052c000-0052d000 rw-p 00008000 08:01 222161     /lib/tls/i686/cmov/libnss_nis-2.11.1.so
005fc000-0060f000 r-xp 00000000 08:01 539        /lib/libz.so.1.2.3.3
0060f000-00610000 r--p 00012000 08:01 539        /lib/libz.so.1.2.3.3
00610000-00611000 rw-p 00013000 08:01 539        /lib/libz.so.1.2.3.3
00611000-00614000 rwxp 00000000 00:00 0 
00614000-006fe000 rwxp 00000000 00:00 0 
00768000-0078c000 r-xp 00000000 08:01 9388       /usr/lib/jvm/java-6-openjdk/jre/lib/i386/libjava.so
0078c000-0078d000 r--p 00023000 08:01 9388       /usr/lib/jvm/java-6-openjdk/jre/lib/i386/libjava.so
0078d000-0078f000 rw-p 00024000 08:01 9388       /usr/lib/jvm/java-6-openjdk/jre/lib/i386/libjava.so
008e3000-008ed000 r-xp 00000000 08:01 222159     /lib/tls/i686/cmov/libnss_files-2.11.1.so
008ed000-008ee000 r--p 00009000 08:01 222159     /lib/tls/i686/cmov/libnss_files-2.11.1.so
008ee000-008ef000 rw-p 0000a000 08:01 222159     /lib/tls/i686/cmov/libnss_files-2.11.1.so
00935000-0093c000 rwxp 00000000 00:00 0 
0093c000-00956000 rwxp 00000000 00:00 0 
00989000-0099c000 r-xp 00000000 08:01 222156     /lib/tls/i686/cmov/libnsl-2.11.1.so
0099c000-0099d000 r--p 00012000 08:01 222156     /lib/tls/i686/cmov/libnsl-2.11.1.so
0099d000-0099e000 rw-p 00013000 08:01 222156     /lib/tls/i686/cmov/libnsl-2.11.1.so
0099e000-009a0000 rw-p 00000000 00:00 0 
00aac000-00aae000 rwxp 00000000 00:00 0 
00aae000-00b2c000 rwxp 00000000 00:00 0 
00beb000-00bee000 r-xp 00000000 08:01 808353     /usr/lib/jvm/java-6-openjdk/jre/lib/i386/jli/libjli.so
00bee000-00bef000 r--p 00003000 08:01 808353     /usr/lib/jvm/java-6-openjdk/jre/lib/i386/jli/libjli.so
00bef000-00bf0000 rw-p 00004000 08:01 808353     /usr/lib/jvm/java-6-openjdk/jre/lib/i386/jli/libjli.so
00c27000-00c2e000 rwxp 00000000 00:00 0 
00cbc000-00cc3000 r-xp 00000000 08:01 808355     /usr/lib/jvm/java-6-openjdk/jre/lib/i386/native_threads/libhpi.so
00cc3000-00cc4000 r--p 00006000 08:01 808355     /usr/lib/jvm/java-6-openjdk/jre/lib/i386/native_threads/libhpi.so
00cc4000-00cc5000 rw-p 00007000 08:01 808355     /usr/lib/jvm/java-6-openjdk/jre/lib/i386/native_threads/libhpi.so
00d45000-00d5a000 r-xp 00000000 08:01 222165     /lib/tls/i686/cmov/libpthread-2.11.1.so
00d5a000-00d5b000 r--p 00014000 08:01 222165     /lib/tls/i686/cmov/libpthread-2.11.1.so
00d5b000-00d5c000 rw-p 00015000 08:01 222165     /lib/tls/i686/cmov/libpthread-2.11.1.so
00d5c000-00d5e000 rw-p 00000000 00:00 0 
00d73000-00d74000 r-xp 00000000 00:00 0          [vdso]
00e7e000-00e85000 r-xp 00000000 08:01 222173     /lib/tls/i686/cmov/librt-2.11.1.so
00e85000-00e86000 r--p 00006000 08:01 222173     /lib/tls/i686/cmov/librt-2.11.1.so
00e86000-00e87000 rw-p 00007000 08:01 222173     /lib/tls/i686/cmov/librt-2.11.1.so
00f9d000-00fb8000 r-xp 00000000 08:01 1317       /lib/ld-2.11.1.so
00fb8000-00fb9000 r--p 0001a000 08:01 1317       /lib/ld-2.11.1.so
00fb9000-00fba000 rw-p 0001b000 08:01 1317       /lib/ld-2.11.1.so
00fba000-013b3000 r-xp 00000000 08:01 808348     /usr/lib/jvm/java-6-openjdk/jre/lib/i386/client/libjvm.so
013b3000-013c9000 r--p 003f9000 08:01 808348     /usr/lib/jvm/java-6-openjdk/jre/lib/i386/client/libjvm.so
013c9000-013d5000 rw-p 0040f000 08:01 808348     /usr/lib/jvm/java-6-openjdk/jre/lib/i386/client/libjvm.so
013d5000-017f5000 rw-p 00000000 00:00 0 
0450b000-04583000 rwxp 00000000 00:00 0 
04583000-0650b000 rwxp 00000000 00:00 0 
08048000-08051000 r-xp 00000000 08:01 808379     /usr/lib/jvm/java-6-openjdk/jre/bin/java
08051000-08052000 r--p 00008000 08:01 808379     /usr/lib/jvm/java-6-openjdk/jre/bin/java
08052000-08053000 rw-p 00009000 08:01 808379     /usr/lib/jvm/java-6-openjdk/jre/bin/java
092d6000-0931f000 rw-p 00000000 00:00 0          [heap]
75c80000-75d80000 rwxp 00000000 00:00 0 
75d80000-783e0000 rwxp 00000000 00:00 0 
783e0000-787e0000 rwxp 00000000 00:00 0 
787e0000-95c80000 rwxp 00000000 00:00 0 
95c80000-96880000 rwxp 00000000 00:00 0 
96880000-99c80000 rwxp 00000000 00:00 0 
99c80000-9a3b1000 r--s 00001000 08:01 835686     /usr/lib/jvm/java-6-openjdk/jre/lib/i386/client/classes.jsa
9a3b1000-9a480000 rwxp 00000000 00:00 0 
9a480000-9abaf000 rw-p 00732000 08:01 835686     /usr/lib/jvm/java-6-openjdk/jre/lib/i386/client/classes.jsa
9abaf000-9b080000 rwxp 00000000 00:00 0 
9b080000-9b179000 rw-p 00e61000 08:01 835686     /usr/lib/jvm/java-6-openjdk/jre/lib/i386/client/classes.jsa
9b179000-9b480000 rwxp 00000000 00:00 0 
9b480000-9b488000 r-xs 00f5a000 08:01 835686     /usr/lib/jvm/java-6-openjdk/jre/lib/i386/client/classes.jsa
9b488000-9b880000 rwxp 00000000 00:00 0 
b7264000-b7265000 ---p 00000000 00:00 0 
b7265000-b72e5000 rw-p 00000000 00:00 0 
b72e5000-b72e8000 ---p 00000000 00:00 0 
b72e8000-b7336000 rw-p 00000000 00:00 0 
b7336000-b7339000 ---p 00000000 00:00 0 
b7339000-b73b7000 rw-p 00000000 00:00 0          [threadstack:0007d494]
b73b7000-b73ba000 ---p 00000000 00:00 0 
b73ba000-b7408000 rw-p 00000000 00:00 0 
b7408000-b740f000 r--s 00000000 08:01 221661     /usr/lib/gconv/gconv-modules.cache
b740f000-b7490000 r--p 00000000 08:01 835696     /usr/lib/locale/ja_JP.utf8/LC_CTYPE
b7490000-b7493000 ---p 00000000 00:00 0 
b7493000-b74e1000 rw-p 00000000 00:00 0 
b74e1000-b74e4000 ---p 00000000 00:00 0 
b74e4000-b7532000 rw-p 00000000 00:00 0 
b7532000-b7533000 ---p 00000000 00:00 0 
b7533000-b75e6000 rw-p 00000000 00:00 0 
b75e6000-b7778000 r--s 03914000 08:01 9376       /usr/lib/jvm/java-6-openjdk/jre/lib/rt.jar
b7778000-b777b000 ---p 00000000 00:00 0 
b777b000-b77cc000 rw-p 00000000 00:00 0 
b77d7000-b77df000 rw-s 00000000 08:01 1446131    /tmp/hsperfdata_hasegawa/31880
b77df000-b77e0000 rw-p 00000000 00:00 0 
b77e0000-b77e1000 r--p 00000000 00:00 0 
b77e1000-b77e3000 rw-p 00000000 00:00 0 
bfae6000-bfb1b000 rw-p 00000000 00:00 0          [stack]

VM Arguments:
java_command: /mnt/home/hasegawa/work/android/android-sdk-linux_86_r04/platforms/android-1.6/tools/lib/dx.jar --dex --output=/mnt/home/hasegawa/work/timerecoder/timerecoder/timerecoder-app/target/classes.dex /mnt/home/hasegawa/work/timerecoder/timerecoder/timerecoder-app/target/android-classes
Launcher Type: SUN_STANDARD

Environment Variables:
JAVA_HOME=/usr/lib/jvm/java-1.6.0-openjdk
PATH=/sbin:/bin:/usr/sbin:/usr/bin:/usr/games:/usr/local/bin:/usr/local/sbin/:/usr/X11R6/bin:/mnt/home/hasegawa/bin
LD_LIBRARY_PATH=/usr/lib/jvm/java-6-openjdk/jre/lib/i386/client:/usr/lib/jvm/java-6-openjdk/jre/lib/i386:/usr/lib/jvm/java-6-openjdk/jre/../lib/i386
SHELL=/bin/tcsh
DISPLAY=localhost:12.0
HOSTTYPE=i486-linux
OSTYPE=linux
MACHTYPE=i486

Signal Handlers:
SIGSEGV: [libjvm.so+0x397410], sa_mask[0]=0x7ffbfeff, sa_flags=0x10000004
SIGBUS: [libjvm.so+0x397410], sa_mask[0]=0x7ffbfeff, sa_flags=0x10000004
SIGFPE: [libjvm.so+0x2c5b10], sa_mask[0]=0x7ffbfeff, sa_flags=0x10000004
SIGPIPE: [libjvm.so+0x2c5b10], sa_mask[0]=0x7ffbfeff, sa_flags=0x10000004
SIGXFSZ: [libjvm.so+0x2c5b10], sa_mask[0]=0x7ffbfeff, sa_flags=0x10000004
SIGILL: [libjvm.so+0x2c5b10], sa_mask[0]=0x7ffbfeff, sa_flags=0x10000004
SIGUSR1: SIG_DFL, sa_mask[0]=0x00000000, sa_flags=0x00000000
SIGUSR2: [libjvm.so+0x2c5200], sa_mask[0]=0x00000004, sa_flags=0x10000004
SIGHUP: [libjvm.so+0x2c7960], sa_mask[0]=0x7ffbfeff, sa_flags=0x10000004
SIGINT: [libjvm.so+0x2c7960], sa_mask[0]=0x7ffbfeff, sa_flags=0x10000004
SIGTERM: [libjvm.so+0x2c7960], sa_mask[0]=0x7ffbfeff, sa_flags=0x10000004
SIGQUIT: [libjvm.so+0x2c7960], sa_mask[0]=0x7ffbfeff, sa_flags=0x10000004


---------------  S Y S T E M  ---------------

OS:Ubuntu 10.04 (lucid)
uname:Linux 2.6.32.11+drm33.2 #1 SMP Sun May 9 11:27:03 JST 2010 i686
libc:glibc 2.11.1 NPTL 2.11.1 
rlimit: STACK 8192k, CORE 0k, NPROC infinity, NOFILE 1024, AS infinity
load average:2.32 1.75 1.34

CPU:total 1 (1 cores per cpu, 1 threads per core) family 6 model 26 stepping 5, cmov, cx8, fxsr, mmx, sse, sse2, sse3, ssse3

Memory: 4k page, physical 3242668k(1142080k free), swap 3461968k(3461968k free)

vm_info: OpenJDK Client VM (14.0-b16) for linux-x86 JRE (1.6.0_18-b18), built on Apr 14 2010 11:34:14 by "buildd" with gcc 4.4.3

time: Tue Jun 15 18:07:18 2010
elapsed time: 0 seconds

